Построение начато 15.04.2019 0:33:01.
     1>Проект "F:\git_exercise\Void\SeePage\SeePage.vcxproj" в узле 2 (целевые объекты build).
     1>InitializeBuildStatus:
         Создание "Release\VOID.unsuccessfulbuild", так как было задано "AlwaysCreate".
       GenerateTargetFrameworkMonikerAttribute:
       Целевой объект "GenerateTargetFrameworkMonikerAttribute" пропускается, так как все выходные файлы актуальны по отношению к входным.
     1>C:\Program Files (x86)\MSBuild\Microsoft.Cpp\v4.0\Microsoft.MetaGen.targets(91,5): warning : Отсутствует обязательный файл "F:\GIT_EXERCISE\SEEPAGE\RELEASE\FASTCOLOREDTEXTBOX.DLL".
         Предыдущая ошибка преобразована в предупреждение, так как задача вызывалась с атрибутом ContinueOnError=true.
       ClCompile:
         Для всех выходных данных обновления не требуется.
         Для всех выходных данных обновления не требуется.
         Для всех выходных данных обновления не требуется.
       CoreResGen:
         Отсутствуют ресурсы, устаревшие по отношению к файлам своих источников. Пропуск формирования ресурсов.
       ResourceCompile:
         Для всех выходных данных обновления не требуется.
       Link:
         Для всех выходных данных обновления не требуется.
         SeePage.vcxproj -> F:\git_exercise\VOID\Release\VOID.exe
       MetaGen:
       Целевой объект "MetaGen" пропускается, так как все выходные файлы актуальны по отношению к входным.
       FinalizeBuildStatus:
         Файл "Release\VOID.unsuccessfulbuild" удаляется.
         Обращение к "Release\VOID.lastbuildstate".
     1>Построение проекта "F:\git_exercise\Void\SeePage\SeePage.vcxproj" завершено (целевые объекты build).

Построение успешно завершено.

Затраченное время: 00:00:00.14
