Построение начато 12.01.2019 17:50:43.
     1>Проект "F:\git_exercise\SeePage\SeePage\SeePage.vcxproj" в узле 2 (целевые объекты build).
     1>InitializeBuildStatus:
         Обращение к "Debug\VOID.unsuccessfulbuild".
       GenerateTargetFrameworkMonikerAttribute:
       Целевой объект "GenerateTargetFrameworkMonikerAttribute" пропускается, так как все выходные файлы актуальны по отношению к входным.
       ClCompile:
         Для всех выходных данных обновления не требуется.
         Для всех выходных данных обновления не требуется.
         Для всех выходных данных обновления не требуется.
       CoreResGen:
         Отсутствуют ресурсы, устаревшие по отношению к файлам своих источников. Пропуск формирования ресурсов.
       ResourceCompile:
         Для всех выходных данных обновления не требуется.
       Link:
         f:\Visual\VC\bin\link.exe /ERRORREPORT:PROMPT /OUT:"F:\git_exercise\SeePage\Debug\VOID.exe" /INCREMENTAL /NOLOGO /ASSEMBLYRESOURCE:Debug\SeePage.Browser.resources /ASSEMBLYRESOURCE:Debug\SeePage.cipher_manage.resources /ASSEMBLYRESOURCE:Debug\SeePage.CreateLibs.resources /ASSEMBLYRESOURCE:Debug\SeePage.database_connect.resources /ASSEMBLYRESOURCE:Debug\SeePage.database_manager.resources /ASSEMBLYRESOURCE:Debug\SeePage.Form1.resources /ASSEMBLYRESOURCE:Debug\SeePage.Helper.resources /ASSEMBLYRESOURCE:Debug\SeePage.logo.resources /ASSEMBLYRESOURCE:Debug\SeePage.MailSend.resources /ASSEMBLYRESOURCE:Debug\SeePage.net_classWrtServer.resources /ASSEMBLYRESOURCE:Debug\SeePage.New.resources /ASSEMBLYRESOURCE:Debug\SeePage.NewElement.resources /ASSEMBLYRESOURCE:Debug\SeePage.Upload.resources /MANIFEST /ManifestFile:"Debug\VOID.exe.intermediate.manifest" /MANIFESTUAC:"level='asInvoker' uiAccess='false'" /DEBUG /PDB:"F:\git_exercise\SeePage\Debug\VOID.pdb" /ASSEMBLYDEBUG /SUBSYSTEM:WINDOWS /TLBID:1 /ENTRY:"main" /DYNAMICBASE /FIXED:NO /NXCOMPAT /MACHINE:X86 Debug\app.res
         Debug\1.obj
         Debug\AssemblyInfo.obj
         Debug\Browser.obj
         Debug\cipher_manage.obj
         Debug\CreateLibs.obj
         Debug\database_connect.obj
         Debug\database_manager1.obj
         Debug\Form1.obj
         Debug\Form2.obj
         Debug\Form21.obj
         Debug\Helper.obj
         Debug\logo.obj
         Debug\MailSend.obj
         Debug\net_classWrtServer.obj
         Debug\New.obj
         Debug\NewElement.obj
         Debug\SeePage.obj
         Debug\stdafx.obj
         Debug\Upload.obj
         Debug\Widget.obj
         "Debug\.NETFramework,Version=v4.0.AssemblyAttributes.obj"
     1>LINK : fatal error LNK1105: не удается закрыть файл "F:\git_exercise\SeePage\Debug\VOID.exe"
     1>Построение проекта "F:\git_exercise\SeePage\SeePage\SeePage.vcxproj" завершено (целевые объекты build) с ошибкой.

СБОЙ построения.

Затраченное время: 00:00:00.37
